<?xml version="1.0" encoding="UTF-8"?>
<!-- Generated by org.testng.reporters.JUnitXMLReporter -->
<testsuite ignored="0" hostname="evy" failures="2" tests="61" name="automated-ui" time="119.414" errors="0" timestamp="2024-07-20T15:43:52 IDT">
  <testcase classname="com.evy.tests.ProductDropdownTest" name="testUserSelectCategoriesFromProductDropdown" time="1.68"/>
  <testcase classname="com.evy.tests.ProductSearchResultTest" name="testUserSelectProduct" time="3.743"/>
  <testcase classname="com.evy.tests.LoginTest" name="testUserLoginScenarios" time="4.788"/>
  <testcase classname="com.evy.tests.ProductDropdownTest" name="testUserSelectCategoriesFromProductDropdown" time="1.408"/>
  <testcase classname="com.evy.tests.ProductTest" name="testUserSetProductQuantity" time="7.472"/>
  <testcase classname="com.evy.tests.ProductTest" name="testUserSetProductSize" time="6.797"/>
  <testcase classname="com.evy.tests.RegisterTest" name="testUserRegistrationScenarios" time="9.261">
    <failure type="org.openqa.selenium.StaleElementReferenceException" message="stale element reference: stale element not found in the current frame
  (Session info: chrome-headless-shell=126.0.6478.183)
For documentation on this error, please visit: https://www.selenium.dev/documentation/webdriver/troubleshooting/errors#stale-element-reference-exception
Build info: version: &amp;apos;4.22.0&amp;apos;, revision: &amp;apos;c5f3146703*&amp;apos;
System info: os.name: &amp;apos;Windows 11&amp;apos;, os.arch: &amp;apos;amd64&amp;apos;, os.version: &amp;apos;10.0&amp;apos;, java.version: &amp;apos;21&amp;apos;
Driver info: org.openqa.selenium.chrome.ChromeDriver
Command: [45646ed12118fc3e9cdf9a92c137b4ce, getElementText {id=f.D4C7F94356AC29DEED5C4FAD88AFC818.d.73F599FD2E9D7B864C6B3D134E7090E0.e.30}]
Capabilities {acceptInsecureCerts: false, browserName: chrome-headless-shell, browserVersion: 126.0.6478.183, chrome: {chromedriverVersion: 126.0.6478.182 (5b5d8292ddf..., userDataDir: C:\Users\evyco\AppData\Loca...}, fedcm:accounts: true, goog:chromeOptions: {debuggerAddress: localhost:54709}, networkConnectionEnabled: false, pageLoadStrategy: normal, platformName: windows, proxy: Proxy(), se:cdp: ws://localhost:54709/devtoo..., se:cdpVersion: 126.0.6478.183, setWindowRect: true, strictFileInteractability: false, timeouts: {implicit: 0, pageLoad: 300000, script: 30000}, unhandledPromptBehavior: dismiss and notify, webauthn:extension:credBlob: true, webauthn:extension:largeBlob: true, webauthn:extension:minPinLength: true, webauthn:extension:prf: true, webauthn:virtualAuthenticators: true}
Element: [[ChromeDriver: chrome-headless-shell on windows (45646ed12118fc3e9cdf9a92c137b4ce)] -&amp;gt; css selector: div[data-bind*=&amp;apos;message.text&amp;apos;]]
Session ID: 45646ed12118fc3e9cdf9a92c137b4ce">
      <![CDATA[org.openqa.selenium.StaleElementReferenceException: stale element reference: stale element not found in the current frame
  (Session info: chrome-headless-shell=126.0.6478.183)
For documentation on this error, please visit: https://www.selenium.dev/documentation/webdriver/troubleshooting/errors#stale-element-reference-exception
Build info: version: '4.22.0', revision: 'c5f3146703*'
System info: os.name: 'Windows 11', os.arch: 'amd64', os.version: '10.0', java.version: '21'
Driver info: org.openqa.selenium.chrome.ChromeDriver
Command: [45646ed12118fc3e9cdf9a92c137b4ce, getElementText {id=f.D4C7F94356AC29DEED5C4FAD88AFC818.d.73F599FD2E9D7B864C6B3D134E7090E0.e.30}]
Capabilities {acceptInsecureCerts: false, browserName: chrome-headless-shell, browserVersion: 126.0.6478.183, chrome: {chromedriverVersion: 126.0.6478.182 (5b5d8292ddf..., userDataDir: C:\Users\evyco\AppData\Loca...}, fedcm:accounts: true, goog:chromeOptions: {debuggerAddress: localhost:54709}, networkConnectionEnabled: false, pageLoadStrategy: normal, platformName: windows, proxy: Proxy(), se:cdp: ws://localhost:54709/devtoo..., se:cdpVersion: 126.0.6478.183, setWindowRect: true, strictFileInteractability: false, timeouts: {implicit: 0, pageLoad: 300000, script: 30000}, unhandledPromptBehavior: dismiss and notify, webauthn:extension:credBlob: true, webauthn:extension:largeBlob: true, webauthn:extension:minPinLength: true, webauthn:extension:prf: true, webauthn:virtualAuthenticators: true}
Element: [[ChromeDriver: chrome-headless-shell on windows (45646ed12118fc3e9cdf9a92c137b4ce)] -> css selector: div[data-bind*='message.text']]
Session ID: 45646ed12118fc3e9cdf9a92c137b4ce
at org.openqa.selenium.remote.ErrorCodec.decode(ErrorCodec.java:167)
at org.openqa.selenium.remote.codec.w3c.W3CHttpResponseCodec.decode(W3CHttpResponseCodec.java:138)
at org.openqa.selenium.remote.codec.w3c.W3CHttpResponseCodec.decode(W3CHttpResponseCodec.java:50)
at org.openqa.selenium.remote.HttpCommandExecutor.execute(HttpCommandExecutor.java:190)
at org.openqa.selenium.remote.service.DriverCommandExecutor.invokeExecute(DriverCommandExecutor.java:216)
at org.openqa.selenium.remote.service.DriverCommandExecutor.execute(DriverCommandExecutor.java:174)
at org.openqa.selenium.remote.RemoteWebDriver.execute(RemoteWebDriver.java:518)
at org.openqa.selenium.remote.RemoteWebElement.execute(RemoteWebElement.java:223)
at org.openqa.selenium.remote.RemoteWebElement.getText(RemoteWebElement.java:191)
at org.openqa.selenium.support.pagefactory.internal.LocatingElementHandler.invoke(LocatingElementHandler.java:51)
at jdk.proxy2/jdk.proxy2.$Proxy58.getText(Unknown Source)
at com.evy.framework.pages.BasePage.getText(BasePage.java:53)
at com.evy.framework.pages.authentication.RegisterPage.getRegisterResponseMsg(RegisterPage.java:57)
at com.evy.tests.RegisterTest.registerAndGetResponseMsg(RegisterTest.java:64)
at com.evy.tests.RegisterTest.testUserRegistrationScenarios(RegisterTest.java:43)
at java.base/java.util.concurrent.Executors$RunnableAdapter.call(Executors.java:572)
at java.base/java.util.concurrent.FutureTask.run(FutureTask.java:317)
at java.base/java.util.concurrent.ThreadPoolExecutor.runWorker(ThreadPoolExecutor.java:1144)
at java.base/java.util.concurrent.ThreadPoolExecutor$Worker.run(ThreadPoolExecutor.java:642)
at java.base/java.lang.Thread.run(Thread.java:1583)
... Removed 16 stack frames]]>
    </failure>
  </testcase> <!-- testUserRegistrationScenarios -->
  <testcase classname="com.evy.tests.ProductDropdownTest" name="testUserSelectCategoriesFromProductDropdown" time="0.982"/>
  <testcase classname="com.evy.tests.ProductSearchResultTest" name="testUserSelectProduct" time="3.352"/>
  <testcase classname="com.evy.tests.ProductTest" name="testUserSetProductColor" time="11.246">
    <failure type="org.openqa.selenium.NoSuchElementException" message="no such element: Unable to locate element: {&amp;quot;method&amp;quot;:&amp;quot;css selector&amp;quot;,&amp;quot;selector&amp;quot;:&amp;quot;div[data-bind*=&amp;apos;message.text&amp;apos;]&amp;quot;}
  (Session info: chrome-headless-shell=126.0.6478.183)
For documentation on this error, please visit: https://www.selenium.dev/documentation/webdriver/troubleshooting/errors#no-such-element-exception
Build info: version: &amp;apos;4.22.0&amp;apos;, revision: &amp;apos;c5f3146703*&amp;apos;
System info: os.name: &amp;apos;Windows 11&amp;apos;, os.arch: &amp;apos;amd64&amp;apos;, os.version: &amp;apos;10.0&amp;apos;, java.version: &amp;apos;21&amp;apos;
Driver info: org.openqa.selenium.chrome.ChromeDriver
Command: [5f5e44bcb616f58449b883231d45e9c5, findElement {value=div[data-bind*=&amp;apos;message.text&amp;apos;], using=css selector}]
Capabilities {acceptInsecureCerts: false, browserName: chrome-headless-shell, browserVersion: 126.0.6478.183, chrome: {chromedriverVersion: 126.0.6478.182 (5b5d8292ddf..., userDataDir: C:\Users\evyco\AppData\Loca...}, fedcm:accounts: true, goog:chromeOptions: {debuggerAddress: localhost:54711}, networkConnectionEnabled: false, pageLoadStrategy: normal, platformName: windows, proxy: Proxy(), se:cdp: ws://localhost:54711/devtoo..., se:cdpVersion: 126.0.6478.183, setWindowRect: true, strictFileInteractability: false, timeouts: {implicit: 0, pageLoad: 300000, script: 30000}, unhandledPromptBehavior: dismiss and notify, webauthn:extension:credBlob: true, webauthn:extension:largeBlob: true, webauthn:extension:minPinLength: true, webauthn:extension:prf: true, webauthn:virtualAuthenticators: true}
Session ID: 5f5e44bcb616f58449b883231d45e9c5">
      <![CDATA[org.openqa.selenium.NoSuchElementException: no such element: Unable to locate element: {"method":"css selector","selector":"div[data-bind*='message.text']"}
  (Session info: chrome-headless-shell=126.0.6478.183)
For documentation on this error, please visit: https://www.selenium.dev/documentation/webdriver/troubleshooting/errors#no-such-element-exception
Build info: version: '4.22.0', revision: 'c5f3146703*'
System info: os.name: 'Windows 11', os.arch: 'amd64', os.version: '10.0', java.version: '21'
Driver info: org.openqa.selenium.chrome.ChromeDriver
Command: [5f5e44bcb616f58449b883231d45e9c5, findElement {value=div[data-bind*='message.text'], using=css selector}]
Capabilities {acceptInsecureCerts: false, browserName: chrome-headless-shell, browserVersion: 126.0.6478.183, chrome: {chromedriverVersion: 126.0.6478.182 (5b5d8292ddf..., userDataDir: C:\Users\evyco\AppData\Loca...}, fedcm:accounts: true, goog:chromeOptions: {debuggerAddress: localhost:54711}, networkConnectionEnabled: false, pageLoadStrategy: normal, platformName: windows, proxy: Proxy(), se:cdp: ws://localhost:54711/devtoo..., se:cdpVersion: 126.0.6478.183, setWindowRect: true, strictFileInteractability: false, timeouts: {implicit: 0, pageLoad: 300000, script: 30000}, unhandledPromptBehavior: dismiss and notify, webauthn:extension:credBlob: true, webauthn:extension:largeBlob: true, webauthn:extension:minPinLength: true, webauthn:extension:prf: true, webauthn:virtualAuthenticators: true}
Session ID: 5f5e44bcb616f58449b883231d45e9c5
at org.openqa.selenium.remote.ErrorCodec.decode(ErrorCodec.java:167)
at org.openqa.selenium.remote.codec.w3c.W3CHttpResponseCodec.decode(W3CHttpResponseCodec.java:138)
at org.openqa.selenium.remote.codec.w3c.W3CHttpResponseCodec.decode(W3CHttpResponseCodec.java:50)
at org.openqa.selenium.remote.HttpCommandExecutor.execute(HttpCommandExecutor.java:190)
at org.openqa.selenium.remote.service.DriverCommandExecutor.invokeExecute(DriverCommandExecutor.java:216)
at org.openqa.selenium.remote.service.DriverCommandExecutor.execute(DriverCommandExecutor.java:174)
at org.openqa.selenium.remote.RemoteWebDriver.execute(RemoteWebDriver.java:518)
at org.openqa.selenium.remote.ElementLocation$ElementFinder$2.findElement(ElementLocation.java:165)
at org.openqa.selenium.remote.ElementLocation.findElement(ElementLocation.java:59)
at org.openqa.selenium.remote.RemoteWebDriver.findElement(RemoteWebDriver.java:355)
at org.openqa.selenium.remote.RemoteWebDriver.findElement(RemoteWebDriver.java:349)
at org.openqa.selenium.support.pagefactory.DefaultElementLocator.findElement(DefaultElementLocator.java:68)
at org.openqa.selenium.support.pagefactory.internal.LocatingElementHandler.invoke(LocatingElementHandler.java:38)
at jdk.proxy2/jdk.proxy2.$Proxy58.getText(Unknown Source)
at com.evy.framework.pages.BasePage.getText(BasePage.java:53)
at com.evy.framework.pages.product.ProductPage.getSuccessAddToCartMsg(ProductPage.java:84)
at com.evy.tests.ProductTest.setProductColor(ProductTest.java:132)
at com.evy.tests.ProductTest.testUserSetProductColor(ProductTest.java:73)
at java.base/java.util.concurrent.Executors$RunnableAdapter.call(Executors.java:572)
at java.base/java.util.concurrent.FutureTask.run(FutureTask.java:317)
at java.base/java.util.concurrent.ThreadPoolExecutor.runWorker(ThreadPoolExecutor.java:1144)
at java.base/java.util.concurrent.ThreadPoolExecutor$Worker.run(ThreadPoolExecutor.java:642)
at java.base/java.lang.Thread.run(Thread.java:1583)
... Removed 14 stack frames]]>
    </failure>
  </testcase> <!-- testUserSetProductColor -->
  <testcase classname="com.evy.tests.LoginTest" name="testUserLoginScenarios" time="5.09"/>
  <testcase classname="com.evy.tests.ProductTest" name="testUserSetProductQuantity" time="5.641"/>
  <testcase classname="com.evy.tests.ProductDropdownTest" name="testUserSelectCategoriesFromProductDropdown" time="2.042"/>
  <testcase classname="com.evy.tests.RegisterTest" name="testUserRegistrationScenarios" time="4.08"/>
  <testcase classname="com.evy.tests.ProductTest" name="testUserSetProductSize" time="7.857"/>
  <testcase classname="com.evy.tests.ProductSearchResultTest" name="testUserSelectProduct" time="3.789"/>
  <testcase classname="com.evy.tests.ProductDropdownTest" name="testUserSelectCategoriesFromProductDropdown" time="1.591"/>
  <testcase classname="com.evy.tests.LoginTest" name="testUserLoginScenarios" time="5.236"/>
  <testcase classname="com.evy.tests.ProductTest" name="testUserSetProductQuantity" time="3.694"/>
  <testcase classname="com.evy.tests.ProductTest" name="testUserSetProductColor" time="8.617"/>
  <testcase classname="com.evy.tests.ProductDropdownTest" name="testUserSelectCategoriesFromProductDropdown" time="2.937"/>
  <testcase classname="com.evy.tests.ProductSearchResultTest" name="testUserSelectProduct" time="2.638"/>
  <testcase classname="com.evy.tests.RegisterTest" name="testUserRegistrationScenarios" time="5.032"/>
  <testcase classname="com.evy.tests.ProductTest" name="testUserSetProductSize" time="6.25"/>
  <testcase classname="com.evy.tests.LoginTest" name="testUserLoginScenarios" time="2.537"/>
  <testcase classname="com.evy.tests.ProductDropdownTest" name="testUserSelectCategoriesFromProductDropdown" time="2.622"/>
  <testcase classname="com.evy.tests.RegisterTest" name="testUserRegistrationScenarios" time="2.23"/>
  <testcase classname="com.evy.tests.ProductSearchResultTest" name="testUserSelectProduct" time="2.59"/>
  <testcase classname="com.evy.tests.ProductTest" name="testUserSetProductColor" time="6.036"/>
  <testcase classname="com.evy.tests.CartTest" name="testAddProductToCart" time="5.815"/>
  <testcase classname="com.evy.tests.LoginTest" name="testUserLoginScenarios" time="3.616"/>
  <testcase classname="com.evy.tests.ProductTest" name="testUserSetProductSize" time="5.068"/>
  <testcase classname="com.evy.tests.ProductDropdownTest" name="testUserSelectCategoriesFromProductDropdown" time="1.992"/>
  <testcase classname="com.evy.tests.RegisterTest" name="testUserRegistrationScenarios" time="4.075"/>
  <testcase classname="com.evy.tests.ProductSearchResultTest" name="testUserSelectProduct" time="3.117"/>
  <testcase classname="com.evy.tests.LoginTest" name="testUserLoginScenarios" time="1.611"/>
  <testcase classname="com.evy.tests.ProductDropdownTest" name="testUserSelectCategoriesFromProductDropdown" time="0.981"/>
  <testcase classname="com.evy.tests.ProductTest" name="testUserSetProductSize" time="4.044"/>
  <testcase classname="com.evy.tests.ProductSearchResultTest" name="testUserSelectProduct" time="2.342"/>
  <testcase classname="com.evy.tests.ProductDropdownTest" name="testUserSelectCategoriesFromProductDropdown" time="1.209"/>
  <testcase classname="com.evy.tests.CartTest" name="testUserDeleteProductFromCart" time="8.379"/>
  <testcase classname="com.evy.tests.ProductDropdownTest" name="testUserSelectCategoriesFromProductDropdown" time="1.179"/>
  <testcase classname="com.evy.tests.ProductSearchResultTest" name="testUserSelectProduct" time="2.587"/>
  <testcase classname="com.evy.tests.ProductDropdownTest" name="testUserSelectCategoriesFromProductDropdown" time="1.08"/>
  <testcase classname="com.evy.tests.ProductSearchResultTest" name="testUserSelectProduct" time="2.887"/>
  <testcase classname="com.evy.tests.ProductDropdownTest" name="testUserSelectCategoriesFromProductDropdown" time="0.943"/>
  <testcase classname="com.evy.tests.ProductDropdownTest" name="testUserSelectCategoriesFromProductDropdown" time="1.527"/>
  <testcase classname="com.evy.tests.EndToEndTest" name="testUserEnd2EndJourney" time="22.953"/>
  <testcase classname="com.evy.tests.ProductSearchResultTest" name="testUserSelectProduct" time="2.298"/>
  <testcase classname="com.evy.tests.ProductDropdownTest" name="testUserSelectCategoriesFromProductDropdown" time="1.311"/>
  <testcase classname="com.evy.tests.ProductSearchResultTest" name="testUserSelectProduct" time="2.503"/>
  <testcase classname="com.evy.tests.ProductDropdownTest" name="testUserSelectCategoriesFromProductDropdown" time="1.56"/>
  <testcase classname="com.evy.tests.ProductDropdownTest" name="testUserSelectCategoriesFromProductDropdown" time="1.535"/>
  <testcase classname="com.evy.tests.ProductDropdownTest" name="testUserSelectCategoriesFromProductDropdown" time="2.005"/>
  <testcase classname="com.evy.tests.ProductDropdownTest" name="testUserSelectCategoriesFromProductDropdown" time="2.524"/>
  <testcase classname="com.evy.tests.ProductDropdownTest" name="testUserSelectCategoriesFromProductDropdown" time="1.424"/>
  <testcase classname="com.evy.tests.ProductDropdownTest" name="testUserSelectCategoriesFromProductDropdown" time="1.402"/>
  <testcase classname="com.evy.tests.ProductDropdownTest" name="testUserSelectCategoriesFromProductDropdown" time="1.738"/>
  <testcase classname="com.evy.tests.ProductDropdownTest" name="testUserSelectCategoriesFromProductDropdown" time="1.141"/>
  <testcase classname="com.evy.tests.ProductDropdownTest" name="testUserSelectCategoriesFromProductDropdown" time="1.305"/>
  <testcase classname="com.evy.tests.ProductDropdownTest" name="testUserSelectCategoriesFromProductDropdown" time="1.162"/>
</testsuite> <!-- automated-ui -->
